<?xml version="1.0" encoding="UTF-8"?>
<!-- Generated by org.testng.reporters.JUnitXMLReporter -->
<testsuite ignored="1" hostname="LAPTOP-APP06KDG" failures="0" tests="1" name="Default test" time="7.845" errors="0" timestamp="2023-07-11T10:21:14 EDT">
  <testcase classname="com.naveenautomationlabs.AutomationFramework.WishListTest" name="test2" time="0.015"/>
  <testcase classname="com.naveenautomationlabs.AutomationFramework.WishListTest" name="test1" time="0.0">
    <ignored/>
  </testcase> <!-- test1 -->
</testsuite> <!-- Default test -->
