<?xml version="1.0" encoding="UTF-8"?>
<!-- Generated by org.testng.reporters.JUnitXMLReporter -->
<testsuite ignored="4" hostname="LAPTOP-APP06KDG" failures="0" tests="2" name="Test" time="14.858" errors="0" timestamp="2023-07-14T07:56:18 EDT">
  <testcase classname="com.naveenautomationlabs.AutomationFramework.AccountLoginTest" name="validateLoginUsingValidCredentials" time="2.263"/>
  <testcase classname="com.naveenautomationlabs.AutomationFramework.YourStoreTest" name="validateLoginUsingValidCredentials" time="2.344"/>
  <testcase classname="com.naveenautomationlabs.AutomationFramework.YourStoreTest" name="testFailure" time="0.0">
    <ignored/>
  </testcase> <!-- testFailure -->
  <testcase classname="com.naveenautomationlabs.AutomationFramework.YourStoreTest" name="validateAddToWishList" time="0.0">
    <ignored/>
  </testcase> <!-- validateAddToWishList -->
  <testcase classname="com.naveenautomationlabs.AutomationFramework.YourStoreTest" name="validateSearchProduct" time="0.0">
    <ignored/>
  </testcase> <!-- validateSearchProduct -->
  <testcase classname="com.naveenautomationlabs.AutomationFramework.YourStoreTest" name="testMovingDots" time="0.0">
    <ignored/>
  </testcase> <!-- testMovingDots -->
</testsuite> <!-- Test -->
