<?xml version="1.0" encoding="UTF-8"?>
<testng-results ignored="0" total="2" passed="2" failed="0" skipped="0">
  <reporter-output>
  </reporter-output>
  <suite started-at="2023-07-11T17:03:17 EDT" name="Suite" finished-at="2023-07-11T17:03:36 EDT" duration-ms="18418">
    <groups>
    </groups>
    <test started-at="2023-07-11T17:03:17 EDT" name="Test" finished-at="2023-07-11T17:03:36 EDT" duration-ms="18418">
      <class name="com.naveenautomationlabs.AutomationFramework.YourStoreTest">
        <test-method is-config="true" signature="SetUpLogger()[pri:0, instance:com.naveenautomationlabs.AutomationFramework.YourStoreTest@3e08ff24]" started-at="2023-07-11T17:03:28 EDT" name="SetUpLogger" finished-at="2023-07-11T17:03:28 EDT" duration-ms="8" status="PASS">
          <reporter-output>
          </reporter-output>
        </test-method> <!-- SetUpLogger -->
        <test-method is-config="true" signature="setUp()[pri:0, instance:com.naveenautomationlabs.AutomationFramework.YourStoreTest@3e08ff24]" started-at="2023-07-11T17:03:28 EDT" name="setUp" finished-at="2023-07-11T17:03:33 EDT" duration-ms="4843" status="PASS">
          <reporter-output>
          </reporter-output>
        </test-method> <!-- setUp -->
        <test-method signature="validateLoginUsingValidCredentials()[pri:0, instance:com.naveenautomationlabs.AutomationFramework.YourStoreTest@3e08ff24]" started-at="2023-07-11T17:03:33 EDT" name="validateLoginUsingValidCredentials" finished-at="2023-07-11T17:03:36 EDT" duration-ms="2403" status="PASS">
          <reporter-output>
          </reporter-output>
        </test-method> <!-- validateLoginUsingValidCredentials -->
        <test-method is-config="true" signature="quit()[pri:0, instance:com.naveenautomationlabs.AutomationFramework.YourStoreTest@3e08ff24]" started-at="2023-07-11T17:03:36 EDT" name="quit" finished-at="2023-07-11T17:03:36 EDT" duration-ms="168" status="PASS">
          <reporter-output>
          </reporter-output>
        </test-method> <!-- quit -->
      </class> <!-- com.naveenautomationlabs.AutomationFramework.YourStoreTest -->
      <class name="com.naveenautomationlabs.AutomationFramework.AccountLoginTest">
        <test-method is-config="true" signature="SetUpLogger()[pri:0, instance:com.naveenautomationlabs.AutomationFramework.AccountLoginTest@6440112d]" started-at="2023-07-11T17:03:18 EDT" name="SetUpLogger" finished-at="2023-07-11T17:03:18 EDT" duration-ms="50" status="PASS">
          <reporter-output>
          </reporter-output>
        </test-method> <!-- SetUpLogger -->
        <test-method is-config="true" signature="setUp()[pri:0, instance:com.naveenautomationlabs.AutomationFramework.AccountLoginTest@6440112d]" started-at="2023-07-11T17:03:18 EDT" name="setUp" finished-at="2023-07-11T17:03:25 EDT" duration-ms="7588" status="PASS">
          <reporter-output>
          </reporter-output>
        </test-method> <!-- setUp -->
        <test-method signature="validateLoginUsingValidCredentials()[pri:0, instance:com.naveenautomationlabs.AutomationFramework.AccountLoginTest@6440112d]" started-at="2023-07-11T17:03:25 EDT" name="validateLoginUsingValidCredentials" finished-at="2023-07-11T17:03:28 EDT" duration-ms="2681" status="PASS">
          <reporter-output>
          </reporter-output>
        </test-method> <!-- validateLoginUsingValidCredentials -->
        <test-method is-config="true" signature="quit()[pri:0, instance:com.naveenautomationlabs.AutomationFramework.AccountLoginTest@6440112d]" started-at="2023-07-11T17:03:28 EDT" name="quit" finished-at="2023-07-11T17:03:28 EDT" duration-ms="359" status="PASS">
          <reporter-output>
          </reporter-output>
        </test-method> <!-- quit -->
      </class> <!-- com.naveenautomationlabs.AutomationFramework.AccountLoginTest -->
    </test> <!-- Test -->
  </suite> <!-- Suite -->
</testng-results>
