<?xml version="1.0" encoding="UTF-8"?>
<testng-results ignored="0" total="2" passed="2" failed="0" skipped="0">
  <reporter-output>
  </reporter-output>
  <suite started-at="2023-07-14T07:56:03 EDT" name="Suite" finished-at="2023-07-14T07:56:18 EDT" duration-ms="14858">
    <groups>
    </groups>
    <test started-at="2023-07-14T07:56:03 EDT" name="Test" finished-at="2023-07-14T07:56:18 EDT" duration-ms="14858">
      <class name="com.naveenautomationlabs.AutomationFramework.YourStoreTest">
        <test-method is-config="true" signature="SetUpLogger()[pri:0, instance:com.naveenautomationlabs.AutomationFramework.YourStoreTest@3e08ff24]" started-at="2023-07-14T07:56:11 EDT" name="SetUpLogger" finished-at="2023-07-14T07:56:11 EDT" duration-ms="4" status="PASS">
          <reporter-output>
          </reporter-output>
        </test-method> <!-- SetUpLogger -->
        <test-method is-config="true" signature="setUp()[pri:0, instance:com.naveenautomationlabs.AutomationFramework.YourStoreTest@3e08ff24]" started-at="2023-07-14T07:56:11 EDT" name="setUp" finished-at="2023-07-14T07:56:15 EDT" duration-ms="4192" status="PASS">
          <reporter-output>
          </reporter-output>
        </test-method> <!-- setUp -->
        <test-method signature="validateLoginUsingValidCredentials()[pri:0, instance:com.naveenautomationlabs.AutomationFramework.YourStoreTest@3e08ff24]" started-at="2023-07-14T07:56:15 EDT" name="validateLoginUsingValidCredentials" finished-at="2023-07-14T07:56:18 EDT" duration-ms="2344" status="PASS">
          <reporter-output>
          </reporter-output>
        </test-method> <!-- validateLoginUsingValidCredentials -->
        <test-method is-config="true" signature="quit()[pri:0, instance:com.naveenautomationlabs.AutomationFramework.YourStoreTest@3e08ff24]" started-at="2023-07-14T07:56:18 EDT" name="quit" finished-at="2023-07-14T07:56:18 EDT" duration-ms="180" status="PASS">
          <reporter-output>
          </reporter-output>
        </test-method> <!-- quit -->
      </class> <!-- com.naveenautomationlabs.AutomationFramework.YourStoreTest -->
      <class name="com.naveenautomationlabs.AutomationFramework.AccountLoginTest">
        <test-method is-config="true" signature="SetUpLogger()[pri:0, instance:com.naveenautomationlabs.AutomationFramework.AccountLoginTest@6440112d]" started-at="2023-07-14T07:56:03 EDT" name="SetUpLogger" finished-at="2023-07-14T07:56:03 EDT" duration-ms="35" status="PASS">
          <reporter-output>
          </reporter-output>
        </test-method> <!-- SetUpLogger -->
        <test-method is-config="true" signature="setUp()[pri:0, instance:com.naveenautomationlabs.AutomationFramework.AccountLoginTest@6440112d]" started-at="2023-07-14T07:56:03 EDT" name="setUp" finished-at="2023-07-14T07:56:09 EDT" duration-ms="5422" status="PASS">
          <reporter-output>
          </reporter-output>
        </test-method> <!-- setUp -->
        <test-method signature="validateLoginUsingValidCredentials()[pri:0, instance:com.naveenautomationlabs.AutomationFramework.AccountLoginTest@6440112d]" started-at="2023-07-14T07:56:09 EDT" name="validateLoginUsingValidCredentials" finished-at="2023-07-14T07:56:11 EDT" duration-ms="2263" status="PASS">
          <reporter-output>
          </reporter-output>
        </test-method> <!-- validateLoginUsingValidCredentials -->
        <test-method is-config="true" signature="quit()[pri:0, instance:com.naveenautomationlabs.AutomationFramework.AccountLoginTest@6440112d]" started-at="2023-07-14T07:56:11 EDT" name="quit" finished-at="2023-07-14T07:56:11 EDT" duration-ms="204" status="PASS">
          <reporter-output>
          </reporter-output>
        </test-method> <!-- quit -->
      </class> <!-- com.naveenautomationlabs.AutomationFramework.AccountLoginTest -->
    </test> <!-- Test -->
  </suite> <!-- Suite -->
</testng-results>
